2023-11-16 12:48:04.379 [info] Added views:workbench.panel.markers.view in workbench.panel.markers
2023-11-16 12:48:04.379 [info] Added views:workbench.panel.output in workbench.panel.output
2023-11-16 12:48:04.379 [info] Added views:terminal in terminal
2023-11-16 12:48:04.379 [info] Added views:outline in workbench.view.explorer
2023-11-16 12:48:04.379 [info] Added views:workbench.scm in workbench.view.scm
2023-11-16 12:48:04.379 [info] Added views:workbench.view.search in workbench.view.search
2023-11-16 12:48:04.379 [info] Added views:timeline in workbench.view.explorer
2023-11-16 12:48:04.379 [info] Added views:workbench.explorer.emptyView in workbench.view.explorer
2023-11-16 12:48:05.359 [info] Added views:workbench.debug.variablesView,workbench.debug.watchExpressionsView,workbench.debug.callStackView,workbench.debug.breakPointsView in workbench.view.debug
2023-11-16 12:48:05.590 [info] Added views:workbench.panel.repl.view in workbench.panel.repl
2023-11-16 12:48:05.591 [info] Removed views:workbench.debug.breakPointsView,workbench.debug.callStackView,workbench.debug.watchExpressionsView,workbench.debug.variablesView from workbench.view.debug
2023-11-16 12:48:05.594 [info] Added views:workbench.debug.welcome in workbench.view.debug
2023-11-16 12:48:05.651 [info] Added views:~remote.forwardedPorts in ~remote.forwardedPortsContainer
2023-11-16 12:50:40.591 [info] Added views:workbench.panel.markers.view in workbench.panel.markers
2023-11-16 12:50:40.591 [info] Added views:workbench.panel.output in workbench.panel.output
2023-11-16 12:50:40.591 [info] Added views:terminal in terminal
2023-11-16 12:50:40.591 [info] Added views:outline in workbench.view.explorer
2023-11-16 12:50:40.591 [info] Added views:workbench.scm in workbench.view.scm
2023-11-16 12:50:40.591 [info] Added views:workbench.view.search in workbench.view.search
2023-11-16 12:50:40.591 [info] Added views:timeline in workbench.view.explorer
2023-11-16 12:50:40.591 [info] Added views:workbench.explorer.fileView in workbench.view.explorer
2023-11-16 12:50:41.434 [info] Added views:workbench.debug.variablesView,workbench.debug.watchExpressionsView,workbench.debug.callStackView,workbench.debug.breakPointsView in workbench.view.debug
2023-11-16 12:50:41.767 [info] Added views:workbench.panel.repl.view in workbench.panel.repl
2023-11-16 12:50:41.772 [info] Removed views:workbench.debug.breakPointsView,workbench.debug.callStackView,workbench.debug.watchExpressionsView,workbench.debug.variablesView from workbench.view.debug
2023-11-16 12:50:41.777 [info] Added views:workbench.debug.welcome in workbench.view.debug
2023-11-16 12:50:41.892 [info] Added views:~remote.forwardedPorts in ~remote.forwardedPortsContainer
