2023-11-16 12:48:05.554 [info] Extension host with pid 10117 started
2023-11-16 12:48:05.595 [info] ExtensionService#_doActivateExtension vscode.git-base, startup: true, activationEvent: '*', root cause: vscode.git
2023-11-16 12:48:05.605 [info] ExtensionService#_doActivateExtension vscode.git, startup: true, activationEvent: '*'
2023-11-16 12:48:05.666 [info] ExtensionService#_doActivateExtension vscode.github, startup: true, activationEvent: '*'
2023-11-16 12:48:05.750 [info] Eager extensions activated
2023-11-16 12:48:05.937 [info] ExtensionService#_doActivateExtension vscode.debug-auto-launch, startup: false, activationEvent: 'onStartupFinished'
2023-11-16 12:48:05.947 [info] ExtensionService#_doActivateExtension vscode.merge-conflict, startup: false, activationEvent: 'onStartupFinished'
2023-11-16 12:48:05.963 [info] ExtensionService#_doActivateExtension Catppuccin.catppuccin-vsc, startup: false, activationEvent: 'onStartupFinished'
2023-11-16 12:50:39.872 [info] Extension host terminating: renderer closed the MessagePort
2023-11-16 12:50:39.880 [info] Extension host with pid 10117 exiting with code 0
2023-11-16 12:50:41.681 [info] Extension host with pid 12951 started
2023-11-16 12:50:41.681 [info] Skipping acquiring lock for /home/yusuf/.config/Code/User/workspaceStorage/1e6fa64fcfc269d74685f661743661de.
2023-11-16 12:50:41.782 [info] ExtensionService#_doActivateExtension vscode.git-base, startup: true, activationEvent: '*', root cause: vscode.git
2023-11-16 12:50:41.796 [info] ExtensionService#_doActivateExtension vscode.git, startup: true, activationEvent: '*'
2023-11-16 12:50:41.855 [info] ExtensionService#_doActivateExtension vscode.github, startup: true, activationEvent: '*'
2023-11-16 12:50:41.957 [info] Eager extensions activated
2023-11-16 12:50:42.171 [info] ExtensionService#_doActivateExtension vscode.debug-auto-launch, startup: false, activationEvent: 'onStartupFinished'
2023-11-16 12:50:42.177 [info] ExtensionService#_doActivateExtension vscode.merge-conflict, startup: false, activationEvent: 'onStartupFinished'
2023-11-16 12:50:42.198 [info] ExtensionService#_doActivateExtension Catppuccin.catppuccin-vsc, startup: false, activationEvent: 'onStartupFinished'
2023-11-16 12:50:42.380 [info] ExtensionService#_doActivateExtension vscode.github-authentication, startup: false, activationEvent: 'onAuthenticationRequest:github'
2023-11-16 12:51:09.922 [info] ExtensionService#_doActivateExtension vscode.emmet, startup: false, activationEvent: 'onLanguage'
