2023-11-16 12:48:05.760 [info] Log level: Info
2023-11-16 12:48:05.760 [info] Validating found git in: "git"
2023-11-16 12:48:05.760 [info] Using git "2.42.1" from "git"
2023-11-16 12:50:41.991 [info] Log level: Info
2023-11-16 12:50:41.991 [info] Validating found git in: "git"
2023-11-16 12:50:41.991 [info] Using git "2.42.1" from "git"
2023-11-16 12:50:41.991 [info] > git rev-parse --show-toplevel [7ms]
2023-11-16 12:50:41.991 [info] fatal: not a git repository (or any parent up to mount point /)
Stopping at filesystem boundary (GIT_DISCOVERY_ACROSS_FILESYSTEM not set).
2023-11-16 12:50:41.993 [info] > git rev-parse --show-toplevel [2ms]
2023-11-16 12:50:42.008 [info] > git rev-parse --git-dir --git-common-dir [2ms]
2023-11-16 12:50:42.060 [info] Open repository: /home/yusuf/src/Debian-titus
2023-11-16 12:50:42.139 [info] > git rev-parse --show-toplevel [15ms]
2023-11-16 12:50:42.142 [info] > git config --get commit.template [33ms]
2023-11-16 12:50:42.227 [info] > git rev-parse --git-dir --git-common-dir [65ms]
2023-11-16 12:50:42.250 [info] Open repository: /home/yusuf/src/dwm-debian
2023-11-16 12:50:42.283 [info] > git for-each-ref --format=%(refname)%00%(upstream:short)%00%(objectname)%00%(upstream:track)%00%(upstream:remotename)%00%(upstream:remoteref) refs/heads/master refs/remotes/master [59ms]
2023-11-16 12:50:42.322 [info] > git status -z -uall [23ms]
2023-11-16 12:50:42.333 [info] > git rev-parse --show-toplevel [51ms]
2023-11-16 12:50:42.333 [info] fatal: not a git repository (or any parent up to mount point /)
Stopping at filesystem boundary (GIT_DISCOVERY_ACROSS_FILESYSTEM not set).
2023-11-16 12:50:42.334 [info] > git config --get commit.template [60ms]
2023-11-16 12:50:42.356 [info] > git config --get commit.template [11ms]
2023-11-16 12:50:42.358 [info] > git for-each-ref --format=%(refname)%00%(upstream:short)%00%(objectname)%00%(upstream:track)%00%(upstream:remotename)%00%(upstream:remoteref) refs/heads/main refs/remotes/main [4ms]
2023-11-16 12:50:42.465 [info] > git status -z -uall [100ms]
2023-11-16 12:50:42.466 [info] > git for-each-ref --format=%(refname)%00%(upstream:short)%00%(objectname)%00%(upstream:track)%00%(upstream:remotename)%00%(upstream:remoteref) refs/heads/master refs/remotes/master [87ms]
2023-11-16 12:50:42.558 [info] > git status -z -uall [84ms]
2023-11-16 12:50:42.578 [info] > git rev-parse --show-toplevel [21ms]
2023-11-16 12:50:42.578 [info] fatal: not a git repository (or any parent up to mount point /)
Stopping at filesystem boundary (GIT_DISCOVERY_ACROSS_FILESYSTEM not set).
2023-11-16 12:50:42.580 [info] > git config --get commit.template [51ms]
2023-11-16 12:50:42.647 [info] > git for-each-ref --format=%(refname)%00%(upstream:short)%00%(objectname)%00%(upstream:track)%00%(upstream:remotename)%00%(upstream:remoteref) refs/heads/main refs/remotes/main [5ms]
2023-11-16 12:50:42.679 [info] > git status -z -uall [17ms]
2023-11-16 12:50:42.830 [info] > git check-ignore -v -z --stdin [13ms]
2023-11-16 12:50:42.831 [info] > git check-ignore -v -z --stdin [3ms]
2023-11-16 12:50:45.928 [info] > git check-ignore -v -z --stdin [2ms]
2023-11-16 12:51:10.158 [info] > git show --textconv :install.sh [9ms]
2023-11-16 12:51:10.160 [info] > git ls-files --stage -- /home/yusuf/src/dwm-debian/install.sh [3ms]
2023-11-16 12:51:10.170 [info] > git cat-file -s 1a774b9aac3214e4504c40b3a3c5b56f2f600325 [3ms]
2023-11-16 12:53:57.308 [info] > git config --get commit.template [2ms]
2023-11-16 12:53:57.315 [info] > git for-each-ref --format=%(refname)%00%(upstream:short)%00%(objectname)%00%(upstream:track)%00%(upstream:remotename)%00%(upstream:remoteref) refs/heads/main refs/remotes/main [2ms]
2023-11-16 12:53:57.330 [info] > git check-ignore -v -z --stdin [2ms]
2023-11-16 12:53:57.342 [info] > git status -z -uall [23ms]
2023-11-16 12:54:00.370 [info] > git show --textconv :install.sh [9ms]
2023-11-16 12:54:00.372 [info] > git ls-files --stage -- /home/yusuf/src/Debian-titus/install.sh [3ms]
2023-11-16 12:54:00.382 [info] > git cat-file -s bae2bcfa45a954c90903e560bc14cc192fdc94c3 [2ms]
2023-11-16 12:55:42.493 [info] > git show --textconv :install.sh [7ms]
2023-11-16 12:55:42.495 [info] > git ls-files --stage -- /home/yusuf/src/dwm-debian/install.sh [2ms]
2023-11-16 12:55:42.501 [info] > git cat-file -s 1a774b9aac3214e4504c40b3a3c5b56f2f600325 [1ms]
2023-11-16 12:55:46.351 [info] > git config --get commit.template [5ms]
2023-11-16 12:55:46.360 [info] > git for-each-ref --format=%(refname)%00%(upstream:short)%00%(objectname)%00%(upstream:track)%00%(upstream:remotename)%00%(upstream:remoteref) refs/heads/main refs/remotes/main [1ms]
2023-11-16 12:55:46.383 [info] > git status -z -uall [14ms]
2023-11-16 12:58:34.930 [info] > git show --textconv :install.sh [6ms]
2023-11-16 12:58:34.931 [info] > git ls-files --stage -- /home/yusuf/src/Debian-titus/install.sh [2ms]
2023-11-16 12:58:34.937 [info] > git cat-file -s bae2bcfa45a954c90903e560bc14cc192fdc94c3 [1ms]
2023-11-16 13:00:28.988 [info] > git show --textconv :install.sh [6ms]
2023-11-16 13:00:28.990 [info] > git ls-files --stage -- /home/yusuf/src/dwm-debian/install.sh [2ms]
2023-11-16 13:00:28.995 [info] > git cat-file -s 1a774b9aac3214e4504c40b3a3c5b56f2f600325 [1ms]
2023-11-16 13:00:44.576 [info] > git show --textconv :install.sh [7ms]
2023-11-16 13:00:44.577 [info] > git ls-files --stage -- /home/yusuf/src/Debian-titus/install.sh [2ms]
2023-11-16 13:00:44.583 [info] > git cat-file -s bae2bcfa45a954c90903e560bc14cc192fdc94c3 [1ms]
2023-11-16 13:02:18.408 [info] > git config --get commit.template [6ms]
2023-11-16 13:02:18.409 [info] > git for-each-ref --format=%(refname)%00%(upstream:short)%00%(objectname)%00%(upstream:track)%00%(upstream:remotename)%00%(upstream:remoteref) refs/heads/main refs/remotes/main [2ms]
2023-11-16 13:02:18.429 [info] > git status -z -uall [15ms]
2023-11-16 13:04:09.179 [info] > git rev-parse --show-toplevel [5ms]
2023-11-16 13:09:19.103 [info] > git show --textconv :install.sh [6ms]
2023-11-16 13:09:19.105 [info] > git ls-files --stage -- /home/yusuf/src/Debian-titus/install.sh [3ms]
2023-11-16 13:09:19.110 [info] > git cat-file -s bae2bcfa45a954c90903e560bc14cc192fdc94c3 [1ms]
2023-11-16 13:11:03.763 [info] > git config --get commit.template [6ms]
2023-11-16 13:11:03.764 [info] > git for-each-ref --format=%(refname)%00%(upstream:short)%00%(objectname)%00%(upstream:track)%00%(upstream:remotename)%00%(upstream:remoteref) refs/heads/main refs/remotes/main [2ms]
2023-11-16 13:11:03.784 [info] > git status -z -uall [15ms]
2023-11-16 13:11:44.747 [info] > git rev-parse --show-toplevel [3ms]
2023-11-16 13:13:43.282 [info] > git show --textconv :install.sh [8ms]
2023-11-16 13:13:43.283 [info] > git ls-files --stage -- /home/yusuf/src/Debian-titus/install.sh [3ms]
2023-11-16 13:13:43.290 [info] > git cat-file -s bae2bcfa45a954c90903e560bc14cc192fdc94c3 [2ms]
2023-11-16 13:18:27.912 [info] > git config --get commit.template [2ms]
2023-11-16 13:18:27.920 [info] > git for-each-ref --format=%(refname)%00%(upstream:short)%00%(objectname)%00%(upstream:track)%00%(upstream:remotename)%00%(upstream:remoteref) refs/heads/main refs/remotes/main [2ms]
2023-11-16 13:18:27.940 [info] > git status -z -uall [15ms]
2023-11-16 13:18:56.701 [info] > git config --get commit.template [6ms]
2023-11-16 13:18:56.702 [info] > git for-each-ref --format=%(refname)%00%(upstream:short)%00%(objectname)%00%(upstream:track)%00%(upstream:remotename)%00%(upstream:remoteref) refs/heads/main refs/remotes/main [2ms]
2023-11-16 13:18:56.722 [info] > git status -z -uall [16ms]
2023-11-16 13:21:37.875 [info] > git check-ignore -v -z --stdin [1ms]
2023-11-16 13:21:58.804 [info] > git config --get commit.template [6ms]
2023-11-16 13:21:58.806 [info] > git for-each-ref --format=%(refname)%00%(upstream:short)%00%(objectname)%00%(upstream:track)%00%(upstream:remotename)%00%(upstream:remoteref) refs/heads/main refs/remotes/main [2ms]
2023-11-16 13:21:58.829 [info] > git status -z -uall [19ms]
2023-11-16 13:23:12.718 [info] > git config --get commit.template [6ms]
2023-11-16 13:23:12.719 [info] > git for-each-ref --format=%(refname)%00%(upstream:short)%00%(objectname)%00%(upstream:track)%00%(upstream:remotename)%00%(upstream:remoteref) refs/heads/main refs/remotes/main [2ms]
2023-11-16 13:23:12.739 [info] > git status -z -uall [16ms]
2023-11-16 13:24:33.665 [info] > git config --get commit.template [6ms]
2023-11-16 13:24:33.666 [info] > git for-each-ref --format=%(refname)%00%(upstream:short)%00%(objectname)%00%(upstream:track)%00%(upstream:remotename)%00%(upstream:remoteref) refs/heads/main refs/remotes/main [2ms]
2023-11-16 13:24:33.685 [info] > git status -z -uall [15ms]
2023-11-16 13:25:07.646 [info] > git show --textconv :install.sh [8ms]
2023-11-16 13:25:07.648 [info] > git ls-files --stage -- /home/yusuf/src/dwm-debian/install.sh [3ms]
2023-11-16 13:25:07.653 [info] > git cat-file -s 1a774b9aac3214e4504c40b3a3c5b56f2f600325 [1ms]
2023-11-16 13:25:44.347 [info] > git show --textconv :install.sh [6ms]
2023-11-16 13:25:44.348 [info] > git ls-files --stage -- /home/yusuf/src/Debian-titus/install.sh [2ms]
2023-11-16 13:25:44.354 [info] > git cat-file -s bae2bcfa45a954c90903e560bc14cc192fdc94c3 [2ms]
2023-11-16 13:25:53.824 [info] > git rev-parse --show-toplevel [2ms]
2023-11-16 13:28:50.276 [info] > git show --textconv :scripts/usenala [6ms]
2023-11-16 13:28:50.277 [info] > git ls-files --stage -- /home/yusuf/src/Debian-titus/scripts/usenala [2ms]
2023-11-16 13:28:50.283 [info] > git cat-file -s d22b5822910f0e03af955996f21d26a688d2e25f [2ms]
2023-11-16 13:28:50.554 [info] > git config --get commit.template [8ms]
2023-11-16 13:28:50.554 [info] > git for-each-ref --format=%(refname)%00%(upstream:short)%00%(objectname)%00%(upstream:track)%00%(upstream:remotename)%00%(upstream:remoteref) refs/heads/main refs/remotes/main [2ms]
2023-11-16 13:28:50.576 [info] > git status -z -uall [16ms]
2023-11-16 13:28:55.607 [info] > git config --get commit.template [9ms]
2023-11-16 13:28:55.608 [info] > git for-each-ref --format=%(refname)%00%(upstream:short)%00%(objectname)%00%(upstream:track)%00%(upstream:remotename)%00%(upstream:remoteref) refs/heads/main refs/remotes/main [2ms]
2023-11-16 13:28:55.626 [info] > git status -z -uall [13ms]
2023-11-16 13:29:17.190 [info] > git rev-parse --show-toplevel [3ms]
2023-11-16 13:29:33.879 [info] > git show --textconv :install.sh [6ms]
2023-11-16 13:29:33.880 [info] > git ls-files --stage -- /home/yusuf/src/Debian-titus/install.sh [2ms]
2023-11-16 13:29:33.886 [info] > git cat-file -s bae2bcfa45a954c90903e560bc14cc192fdc94c3 [2ms]
2023-11-16 13:29:52.909 [info] > git show --textconv :install.sh [6ms]
2023-11-16 13:29:52.911 [info] > git ls-files --stage -- /home/yusuf/src/dwm-debian/install.sh [2ms]
2023-11-16 13:29:52.917 [info] > git cat-file -s 1a774b9aac3214e4504c40b3a3c5b56f2f600325 [1ms]
2023-11-16 13:30:02.309 [info] > git show --textconv :install.sh [6ms]
2023-11-16 13:30:02.310 [info] > git ls-files --stage -- /home/yusuf/src/Debian-titus/install.sh [2ms]
2023-11-16 13:30:02.317 [info] > git cat-file -s bae2bcfa45a954c90903e560bc14cc192fdc94c3 [2ms]
2023-11-16 13:30:10.964 [info] > git show --textconv :install.sh [6ms]
2023-11-16 13:30:10.966 [info] > git ls-files --stage -- /home/yusuf/src/dwm-debian/install.sh [2ms]
2023-11-16 13:30:10.972 [info] > git cat-file -s 1a774b9aac3214e4504c40b3a3c5b56f2f600325 [1ms]
2023-11-16 13:30:22.018 [info] > git show --textconv :install.sh [6ms]
2023-11-16 13:30:22.020 [info] > git ls-files --stage -- /home/yusuf/src/Debian-titus/install.sh [2ms]
2023-11-16 13:30:22.025 [info] > git cat-file -s bae2bcfa45a954c90903e560bc14cc192fdc94c3 [1ms]
2023-11-16 13:30:24.503 [info] > git show --textconv :install.sh [11ms]
2023-11-16 13:30:24.503 [info] > git ls-files --stage -- /home/yusuf/src/dwm-debian/install.sh [1ms]
2023-11-16 13:30:24.514 [info] > git cat-file -s 1a774b9aac3214e4504c40b3a3c5b56f2f600325 [2ms]
2023-11-16 13:30:27.915 [info] > git show --textconv :install.sh [5ms]
2023-11-16 13:30:27.917 [info] > git ls-files --stage -- /home/yusuf/src/Debian-titus/install.sh [2ms]
2023-11-16 13:30:27.922 [info] > git cat-file -s bae2bcfa45a954c90903e560bc14cc192fdc94c3 [1ms]
2023-11-16 13:30:36.092 [info] > git show --textconv :install.sh [6ms]
2023-11-16 13:30:36.093 [info] > git ls-files --stage -- /home/yusuf/src/dwm-debian/install.sh [2ms]
2023-11-16 13:30:36.100 [info] > git cat-file -s 1a774b9aac3214e4504c40b3a3c5b56f2f600325 [1ms]
2023-11-16 13:30:49.699 [info] > git show --textconv :install.sh [7ms]
2023-11-16 13:30:49.700 [info] > git ls-files --stage -- /home/yusuf/src/Debian-titus/install.sh [2ms]
2023-11-16 13:30:49.706 [info] > git cat-file -s bae2bcfa45a954c90903e560bc14cc192fdc94c3 [2ms]
2023-11-16 13:30:52.862 [info] > git show --textconv :install.sh [6ms]
2023-11-16 13:30:52.863 [info] > git ls-files --stage -- /home/yusuf/src/dwm-debian/install.sh [1ms]
2023-11-16 13:30:52.869 [info] > git cat-file -s 1a774b9aac3214e4504c40b3a3c5b56f2f600325 [1ms]
2023-11-16 13:31:04.698 [info] > git show --textconv :install.sh [6ms]
2023-11-16 13:31:04.699 [info] > git ls-files --stage -- /home/yusuf/src/Debian-titus/install.sh [2ms]
2023-11-16 13:31:04.705 [info] > git cat-file -s bae2bcfa45a954c90903e560bc14cc192fdc94c3 [2ms]
2023-11-16 13:31:42.848 [info] > git config --get commit.template [5ms]
2023-11-16 13:31:42.849 [info] > git for-each-ref --format=%(refname)%00%(upstream:short)%00%(objectname)%00%(upstream:track)%00%(upstream:remotename)%00%(upstream:remoteref) refs/heads/main refs/remotes/main [2ms]
2023-11-16 13:31:42.865 [info] > git status -z -uall [12ms]
2023-11-16 13:32:01.507 [info] > git rev-parse --show-toplevel [1ms]
2023-11-16 13:32:08.892 [info] > git show --textconv :install.sh [6ms]
2023-11-16 13:32:08.894 [info] > git ls-files --stage -- /home/yusuf/src/Debian-titus/install.sh [2ms]
2023-11-16 13:32:08.900 [info] > git cat-file -s bae2bcfa45a954c90903e560bc14cc192fdc94c3 [2ms]
2023-11-16 13:32:12.298 [info] > git rev-parse --show-toplevel [4ms]
2023-11-16 13:32:19.243 [info] > git show --textconv :install.sh [7ms]
2023-11-16 13:32:19.244 [info] > git ls-files --stage -- /home/yusuf/src/Debian-titus/install.sh [2ms]
2023-11-16 13:32:19.251 [info] > git cat-file -s bae2bcfa45a954c90903e560bc14cc192fdc94c3 [2ms]
2023-11-16 13:35:12.647 [info] > git config --get commit.template [1ms]
2023-11-16 13:35:12.654 [info] > git for-each-ref --format=%(refname)%00%(upstream:short)%00%(objectname)%00%(upstream:track)%00%(upstream:remotename)%00%(upstream:remoteref) refs/heads/main refs/remotes/main [2ms]
2023-11-16 13:35:12.671 [info] > git status -z -uall [13ms]
2023-11-16 13:35:20.097 [info] > git rev-parse --show-toplevel [2ms]
2023-11-16 13:35:29.996 [info] > git show --textconv :install.sh [8ms]
2023-11-16 13:35:29.998 [info] > git ls-files --stage -- /home/yusuf/src/Debian-titus/install.sh [3ms]
2023-11-16 13:35:30.005 [info] > git cat-file -s bae2bcfa45a954c90903e560bc14cc192fdc94c3 [2ms]
2023-11-16 13:35:34.138 [info] > git config --get commit.template [5ms]
2023-11-16 13:35:34.138 [info] > git for-each-ref --format=%(refname)%00%(upstream:short)%00%(objectname)%00%(upstream:track)%00%(upstream:remotename)%00%(upstream:remoteref) refs/heads/main refs/remotes/main [1ms]
2023-11-16 13:35:34.155 [info] > git status -z -uall [12ms]
2023-11-16 13:36:32.094 [info] > git config --get commit.template [5ms]
2023-11-16 13:36:32.095 [info] > git for-each-ref --format=%(refname)%00%(upstream:short)%00%(objectname)%00%(upstream:track)%00%(upstream:remotename)%00%(upstream:remoteref) refs/heads/main refs/remotes/main [1ms]
2023-11-16 13:36:32.112 [info] > git status -z -uall [12ms]
2023-11-16 13:39:11.491 [info] > git config --get commit.template [6ms]
2023-11-16 13:39:11.492 [info] > git for-each-ref --format=%(refname)%00%(upstream:short)%00%(objectname)%00%(upstream:track)%00%(upstream:remotename)%00%(upstream:remoteref) refs/heads/main refs/remotes/main [2ms]
2023-11-16 13:39:11.511 [info] > git status -z -uall [15ms]
2023-11-16 13:40:13.309 [info] > git show --textconv :install.sh [7ms]
2023-11-16 13:40:13.310 [info] > git ls-files --stage -- /home/yusuf/src/dwm-debian/install.sh [2ms]
2023-11-16 13:40:13.316 [info] > git cat-file -s 1a774b9aac3214e4504c40b3a3c5b56f2f600325 [1ms]
2023-11-16 13:40:25.545 [info] > git show --textconv :install.sh [11ms]
2023-11-16 13:40:25.546 [info] > git ls-files --stage -- /home/yusuf/src/Debian-titus/install.sh [4ms]
2023-11-16 13:40:25.552 [info] > git cat-file -s bae2bcfa45a954c90903e560bc14cc192fdc94c3 [1ms]
2023-11-16 13:41:03.506 [info] > git config --get commit.template [7ms]
2023-11-16 13:41:03.506 [info] > git for-each-ref --format=%(refname)%00%(upstream:short)%00%(objectname)%00%(upstream:track)%00%(upstream:remotename)%00%(upstream:remoteref) refs/heads/main refs/remotes/main [1ms]
2023-11-16 13:41:03.527 [info] > git status -z -uall [15ms]
2023-11-16 13:44:44.384 [info] > git rev-parse --show-toplevel [2ms]
2023-11-16 13:44:55.973 [info] > git show --textconv :install.sh [11ms]
2023-11-16 13:44:55.975 [info] > git ls-files --stage -- /home/yusuf/src/Debian-titus/install.sh [2ms]
2023-11-16 13:44:55.983 [info] > git cat-file -s bae2bcfa45a954c90903e560bc14cc192fdc94c3 [3ms]
2023-11-16 13:49:17.924 [info] > git config --get commit.template [4ms]
2023-11-16 13:49:17.941 [info] > git for-each-ref --format=%(refname)%00%(upstream:short)%00%(objectname)%00%(upstream:track)%00%(upstream:remotename)%00%(upstream:remoteref) refs/heads/main refs/remotes/main [5ms]
2023-11-16 13:49:17.969 [info] > git status -z -uall [17ms]
2023-11-16 13:49:50.474 [info] > git config --get commit.template [10ms]
2023-11-16 13:49:50.475 [info] > git for-each-ref --format=%(refname)%00%(upstream:short)%00%(objectname)%00%(upstream:track)%00%(upstream:remotename)%00%(upstream:remoteref) refs/heads/main refs/remotes/main [2ms]
2023-11-16 13:49:50.498 [info] > git status -z -uall [15ms]
2023-11-16 13:50:26.442 [info] > git config --get commit.template [9ms]
2023-11-16 13:50:26.444 [info] > git for-each-ref --format=%(refname)%00%(upstream:short)%00%(objectname)%00%(upstream:track)%00%(upstream:remotename)%00%(upstream:remoteref) refs/heads/main refs/remotes/main [3ms]
2023-11-16 13:50:26.466 [info] > git status -z -uall [16ms]
